[16-Sep-2025 18:41:57 UTC] PHP Notice:  Undefined index: add_ons in /home/oceanboxir/public_html/wp-content/plugins/elementor/modules/home/transformations/filter-plugins.php on line 21
[16-Sep-2025 18:41:57 UTC] PHP Notice:  Trying to access array offset on value of type null in /home/oceanboxir/public_html/wp-content/plugins/elementor/modules/home/transformations/filter-plugins.php on line 21
[16-Sep-2025 18:41:57 UTC] PHP Fatal error:  Uncaught TypeError: Argument 1 passed to Elementor\Modules\Home\Transformations\Filter_Plugins::get_add_ons_installation_status() must be of the type array, null given, called in /home/oceanboxir/public_html/wp-content/plugins/elementor/modules/home/transformations/filter-plugins.php on line 21 and defined in /home/oceanboxir/public_html/wp-content/plugins/elementor/modules/home/transformations/filter-plugins.php:30
Stack trace:
#0 /home/oceanboxir/public_html/wp-content/plugins/elementor/modules/home/transformations/filter-plugins.php(21): Elementor\Modules\Home\Transformations\Filter_Plugins->get_add_ons_installation_status(NULL)
#1 /home/oceanboxir/public_html/wp-content/plugins/elementor/modules/home/classes/transformations-manager.php(48): Elementor\Modules\Home\Transformations\Filter_Plugins->transform(Array)
#2 /home/oceanboxir/public_html/wp-content/plugins/elementor/modules/home/api.php(25): Elementor\Modules\Home\Classes\Transformations_Manager->run_transformations()
#3 /home/oceanboxir/public_html/ in /home/oceanboxir/public_html/wp-content/plugins/elementor/modules/home/transformations/filter-plugins.php on line 30
[16-Sep-2025 18:59:56 UTC] PHP Notice:  Undefined index: add_ons in /home/oceanboxir/public_html/wp-content/plugins/elementor/modules/home/transformations/filter-plugins.php on line 21
[16-Sep-2025 18:59:56 UTC] PHP Notice:  Trying to access array offset on value of type null in /home/oceanboxir/public_html/wp-content/plugins/elementor/modules/home/transformations/filter-plugins.php on line 21
[16-Sep-2025 18:59:56 UTC] PHP Fatal error:  Uncaught TypeError: Argument 1 passed to Elementor\Modules\Home\Transformations\Filter_Plugins::get_add_ons_installation_status() must be of the type array, null given, called in /home/oceanboxir/public_html/wp-content/plugins/elementor/modules/home/transformations/filter-plugins.php on line 21 and defined in /home/oceanboxir/public_html/wp-content/plugins/elementor/modules/home/transformations/filter-plugins.php:30
Stack trace:
#0 /home/oceanboxir/public_html/wp-content/plugins/elementor/modules/home/transformations/filter-plugins.php(21): Elementor\Modules\Home\Transformations\Filter_Plugins->get_add_ons_installation_status(NULL)
#1 /home/oceanboxir/public_html/wp-content/plugins/elementor/modules/home/classes/transformations-manager.php(48): Elementor\Modules\Home\Transformations\Filter_Plugins->transform(Array)
#2 /home/oceanboxir/public_html/wp-content/plugins/elementor/modules/home/api.php(25): Elementor\Modules\Home\Classes\Transformations_Manager->run_transformations()
#3 /home/oceanboxir/public_html/ in /home/oceanboxir/public_html/wp-content/plugins/elementor/modules/home/transformations/filter-plugins.php on line 30
[16-Sep-2025 19:00:58 UTC] PHP Notice:  Undefined index: add_ons in /home/oceanboxir/public_html/wp-content/plugins/elementor/modules/home/transformations/filter-plugins.php on line 21
[16-Sep-2025 19:00:58 UTC] PHP Notice:  Trying to access array offset on value of type null in /home/oceanboxir/public_html/wp-content/plugins/elementor/modules/home/transformations/filter-plugins.php on line 21
[16-Sep-2025 19:00:58 UTC] PHP Fatal error:  Uncaught TypeError: Argument 1 passed to Elementor\Modules\Home\Transformations\Filter_Plugins::get_add_ons_installation_status() must be of the type array, null given, called in /home/oceanboxir/public_html/wp-content/plugins/elementor/modules/home/transformations/filter-plugins.php on line 21 and defined in /home/oceanboxir/public_html/wp-content/plugins/elementor/modules/home/transformations/filter-plugins.php:30
Stack trace:
#0 /home/oceanboxir/public_html/wp-content/plugins/elementor/modules/home/transformations/filter-plugins.php(21): Elementor\Modules\Home\Transformations\Filter_Plugins->get_add_ons_installation_status(NULL)
#1 /home/oceanboxir/public_html/wp-content/plugins/elementor/modules/home/classes/transformations-manager.php(48): Elementor\Modules\Home\Transformations\Filter_Plugins->transform(Array)
#2 /home/oceanboxir/public_html/wp-content/plugins/elementor/modules/home/api.php(25): Elementor\Modules\Home\Classes\Transformations_Manager->run_transformations()
#3 /home/oceanboxir/public_html/ in /home/oceanboxir/public_html/wp-content/plugins/elementor/modules/home/transformations/filter-plugins.php on line 30
[16-Sep-2025 19:02:36 UTC] PHP Notice:  Undefined index: add_ons in /home/oceanboxir/public_html/wp-content/plugins/elementor/modules/home/transformations/filter-plugins.php on line 21
[16-Sep-2025 19:02:36 UTC] PHP Notice:  Trying to access array offset on value of type null in /home/oceanboxir/public_html/wp-content/plugins/elementor/modules/home/transformations/filter-plugins.php on line 21
[16-Sep-2025 19:02:36 UTC] PHP Fatal error:  Uncaught TypeError: Argument 1 passed to Elementor\Modules\Home\Transformations\Filter_Plugins::get_add_ons_installation_status() must be of the type array, null given, called in /home/oceanboxir/public_html/wp-content/plugins/elementor/modules/home/transformations/filter-plugins.php on line 21 and defined in /home/oceanboxir/public_html/wp-content/plugins/elementor/modules/home/transformations/filter-plugins.php:30
Stack trace:
#0 /home/oceanboxir/public_html/wp-content/plugins/elementor/modules/home/transformations/filter-plugins.php(21): Elementor\Modules\Home\Transformations\Filter_Plugins->get_add_ons_installation_status(NULL)
#1 /home/oceanboxir/public_html/wp-content/plugins/elementor/modules/home/classes/transformations-manager.php(48): Elementor\Modules\Home\Transformations\Filter_Plugins->transform(Array)
#2 /home/oceanboxir/public_html/wp-content/plugins/elementor/modules/home/api.php(25): Elementor\Modules\Home\Classes\Transformations_Manager->run_transformations()
#3 /home/oceanboxir/public_html/ in /home/oceanboxir/public_html/wp-content/plugins/elementor/modules/home/transformations/filter-plugins.php on line 30
[16-Sep-2025 19:02:51 UTC] PHP Notice:  Undefined index: add_ons in /home/oceanboxir/public_html/wp-content/plugins/elementor/modules/home/transformations/filter-plugins.php on line 21
[16-Sep-2025 19:02:51 UTC] PHP Notice:  Trying to access array offset on value of type null in /home/oceanboxir/public_html/wp-content/plugins/elementor/modules/home/transformations/filter-plugins.php on line 21
[16-Sep-2025 19:02:51 UTC] PHP Fatal error:  Uncaught TypeError: Argument 1 passed to Elementor\Modules\Home\Transformations\Filter_Plugins::get_add_ons_installation_status() must be of the type array, null given, called in /home/oceanboxir/public_html/wp-content/plugins/elementor/modules/home/transformations/filter-plugins.php on line 21 and defined in /home/oceanboxir/public_html/wp-content/plugins/elementor/modules/home/transformations/filter-plugins.php:30
Stack trace:
#0 /home/oceanboxir/public_html/wp-content/plugins/elementor/modules/home/transformations/filter-plugins.php(21): Elementor\Modules\Home\Transformations\Filter_Plugins->get_add_ons_installation_status(NULL)
#1 /home/oceanboxir/public_html/wp-content/plugins/elementor/modules/home/classes/transformations-manager.php(48): Elementor\Modules\Home\Transformations\Filter_Plugins->transform(Array)
#2 /home/oceanboxir/public_html/wp-content/plugins/elementor/modules/home/api.php(25): Elementor\Modules\Home\Classes\Transformations_Manager->run_transformations()
#3 /home/oceanboxir/public_html/ in /home/oceanboxir/public_html/wp-content/plugins/elementor/modules/home/transformations/filter-plugins.php on line 30
[16-Sep-2025 19:04:54 UTC] PHP Notice:  Undefined index: add_ons in /home/oceanboxir/public_html/wp-content/plugins/elementor/modules/home/transformations/filter-plugins.php on line 21
[16-Sep-2025 19:04:54 UTC] PHP Notice:  Trying to access array offset on value of type null in /home/oceanboxir/public_html/wp-content/plugins/elementor/modules/home/transformations/filter-plugins.php on line 21
[16-Sep-2025 19:04:54 UTC] PHP Fatal error:  Uncaught TypeError: Argument 1 passed to Elementor\Modules\Home\Transformations\Filter_Plugins::get_add_ons_installation_status() must be of the type array, null given, called in /home/oceanboxir/public_html/wp-content/plugins/elementor/modules/home/transformations/filter-plugins.php on line 21 and defined in /home/oceanboxir/public_html/wp-content/plugins/elementor/modules/home/transformations/filter-plugins.php:30
Stack trace:
#0 /home/oceanboxir/public_html/wp-content/plugins/elementor/modules/home/transformations/filter-plugins.php(21): Elementor\Modules\Home\Transformations\Filter_Plugins->get_add_ons_installation_status(NULL)
#1 /home/oceanboxir/public_html/wp-content/plugins/elementor/modules/home/classes/transformations-manager.php(48): Elementor\Modules\Home\Transformations\Filter_Plugins->transform(Array)
#2 /home/oceanboxir/public_html/wp-content/plugins/elementor/modules/home/api.php(25): Elementor\Modules\Home\Classes\Transformations_Manager->run_transformations()
#3 /home/oceanboxir/public_html/ in /home/oceanboxir/public_html/wp-content/plugins/elementor/modules/home/transformations/filter-plugins.php on line 30
[16-Sep-2025 19:07:37 UTC] PHP Notice:  Undefined index: get_started in /home/oceanboxir/public_html/wp-content/plugins/elementor/modules/home/transformations/filter-get-started-by-license.php on line 29
[16-Sep-2025 19:07:37 UTC] PHP Warning:  Invalid argument supplied for foreach() in /home/oceanboxir/public_html/wp-content/plugins/elementor/modules/home/transformations/filter-get-started-by-license.php on line 29
[16-Sep-2025 19:07:37 UTC] PHP Notice:  Undefined index: sidebar_promotion_variants in /home/oceanboxir/public_html/wp-content/plugins/elementor/modules/home/transformations/filter-sidebar-promotion-by-license.php on line 15
[16-Sep-2025 19:07:37 UTC] PHP Warning:  array_filter() expects parameter 1 to be array, null given in /home/oceanboxir/public_html/wp-content/plugins/elementor/modules/home/transformations/filter-sidebar-promotion-by-license.php on line 17
[16-Sep-2025 19:07:37 UTC] PHP Notice:  Undefined index: top_with_licences in /home/oceanboxir/public_html/wp-content/plugins/elementor/modules/home/transformations/filter-top-section-by-license.php on line 52
[16-Sep-2025 19:07:37 UTC] PHP Warning:  Invalid argument supplied for foreach() in /home/oceanboxir/public_html/wp-content/plugins/elementor/modules/home/transformations/filter-top-section-by-license.php on line 52
[16-Sep-2025 19:07:51 UTC] PHP Notice:  Undefined index: get_started in /home/oceanboxir/public_html/wp-content/plugins/elementor/modules/home/transformations/filter-get-started-by-license.php on line 29
[16-Sep-2025 19:07:51 UTC] PHP Warning:  Invalid argument supplied for foreach() in /home/oceanboxir/public_html/wp-content/plugins/elementor/modules/home/transformations/filter-get-started-by-license.php on line 29
[16-Sep-2025 19:07:51 UTC] PHP Notice:  Undefined index: sidebar_promotion_variants in /home/oceanboxir/public_html/wp-content/plugins/elementor/modules/home/transformations/filter-sidebar-promotion-by-license.php on line 15
[16-Sep-2025 19:07:51 UTC] PHP Warning:  array_filter() expects parameter 1 to be array, null given in /home/oceanboxir/public_html/wp-content/plugins/elementor/modules/home/transformations/filter-sidebar-promotion-by-license.php on line 17
[16-Sep-2025 19:07:51 UTC] PHP Notice:  Undefined index: top_with_licences in /home/oceanboxir/public_html/wp-content/plugins/elementor/modules/home/transformations/filter-top-section-by-license.php on line 52
[16-Sep-2025 19:07:51 UTC] PHP Warning:  Invalid argument supplied for foreach() in /home/oceanboxir/public_html/wp-content/plugins/elementor/modules/home/transformations/filter-top-section-by-license.php on line 52
